<?xml version="1.0" encoding="UTF-8"?>
<testng-results skipped="0" failed="2" total="2" passed="0">
  <reporter-output>
  </reporter-output>
  <suite name="Default suite" duration-ms="119344" started-at="2016-05-26T07:55:26Z" finished-at="2016-05-26T07:57:25Z">
    <groups>
    </groups>
    <test name="Default test" duration-ms="119344" started-at="2016-05-26T07:55:26Z" finished-at="2016-05-26T07:57:25Z">
      <class name="com.retailer.testcases.TestCreateOtherProducts">
        <test-method status="PASS" signature="launchApp()[pri:0, instance:com.retailer.testcases.TestCreateOtherProducts@7921b0a2]" name="launchApp" is-config="true" duration-ms="19921" started-at="2016-05-26T13:25:26Z" finished-at="2016-05-26T13:25:46Z">
          <reporter-output>
          </reporter-output>
        </test-method> <!-- launchApp -->
        <test-method status="FAIL" signature="testValidation()[pri:1, instance:com.retailer.testcases.TestCreateOtherProducts@7921b0a2]" name="testValidation" duration-ms="30729" started-at="2016-05-26T13:25:46Z" finished-at="2016-05-26T13:26:17Z">
          <exception class="org.openqa.selenium.NoSuchElementException">
            <message>
              <![CDATA[Can't locate an element by this strategy: Locator map: 
- native content: "By.id: com.retailer.weeklygroceries.retailer:id/item_name_edittext" 
- html content: "by id or name "productName""
For documentation on this error, please visit: http://seleniumhq.org/exceptions/no_such_element.html
Build info: version: '2.53.0', revision: '35ae25b', time: '2016-03-15 17:00:58'
System info: host: 'CognitiveClouds', ip: '10.0.0.41', os.name: 'Windows 8', os.arch: 'amd64', os.version: '6.2', java.version: '1.8.0_91'
Driver info: driver.version: unknown]]>
            </message>
            <full-stacktrace>
              <![CDATA[org.openqa.selenium.NoSuchElementException: Can't locate an element by this strategy: Locator map: 
- native content: "By.id: com.retailer.weeklygroceries.retailer:id/item_name_edittext" 
- html content: "by id or name "productName""
For documentation on this error, please visit: http://seleniumhq.org/exceptions/no_such_element.html
Build info: version: '2.53.0', revision: '35ae25b', time: '2016-03-15 17:00:58'
System info: host: 'CognitiveClouds', ip: '10.0.0.41', os.name: 'Windows 8', os.arch: 'amd64', os.version: '6.2', java.version: '1.8.0_91'
Driver info: driver.version: unknown
	at io.appium.java_client.pagefactory.AppiumElementLocator.findElement(AppiumElementLocator.java:97)
	at io.appium.java_client.pagefactory.interceptors.InterceptorOfASingleElement.intercept(InterceptorOfASingleElement.java:52)
	at io.appium.java_client.android.AndroidElement$$EnhancerByCGLIB$$681c0bee.sendKeys(<generated>)
	at com.retailer.pages.NewProductPage.enterProductName(NewProductPage.java:51)
	at com.retailer.testcases.TestCreateOtherProducts.testValidation(TestCreateOtherProducts.java:43)
	at sun.reflect.NativeMethodAccessorImpl.invoke0(Native Method)
	at sun.reflect.NativeMethodAccessorImpl.invoke(NativeMethodAccessorImpl.java:62)
	at sun.reflect.DelegatingMethodAccessorImpl.invoke(DelegatingMethodAccessorImpl.java:43)
	at java.lang.reflect.Method.invoke(Method.java:498)
	at org.testng.internal.MethodInvocationHelper.invokeMethod(MethodInvocationHelper.java:85)
	at org.testng.internal.Invoker.invokeMethod(Invoker.java:639)
	at org.testng.internal.Invoker.invokeTestMethod(Invoker.java:816)
	at org.testng.internal.Invoker.invokeTestMethods(Invoker.java:1124)
	at org.testng.internal.TestMethodWorker.invokeTestMethods(TestMethodWorker.java:125)
	at org.testng.internal.TestMethodWorker.run(TestMethodWorker.java:108)
	at org.testng.TestRunner.privateRun(TestRunner.java:774)
	at org.testng.TestRunner.run(TestRunner.java:624)
	at org.testng.SuiteRunner.runTest(SuiteRunner.java:359)
	at org.testng.SuiteRunner.runSequentially(SuiteRunner.java:354)
	at org.testng.SuiteRunner.privateRun(SuiteRunner.java:312)
	at org.testng.SuiteRunner.run(SuiteRunner.java:261)
	at org.testng.SuiteRunnerWorker.runSuite(SuiteRunnerWorker.java:52)
	at org.testng.SuiteRunnerWorker.run(SuiteRunnerWorker.java:86)
	at org.testng.TestNG.runSuitesSequentially(TestNG.java:1215)
	at org.testng.TestNG.runSuitesLocally(TestNG.java:1140)
	at org.testng.TestNG.run(TestNG.java:1048)
	at org.testng.remote.AbstractRemoteTestNG.run(AbstractRemoteTestNG.java:126)
	at org.testng.remote.RemoteTestNG.initAndRun(RemoteTestNG.java:137)
	at org.testng.remote.RemoteTestNG.main(RemoteTestNG.java:58)
]]>
            </full-stacktrace>
          </exception> <!-- org.openqa.selenium.NoSuchElementException -->
          <reporter-output>
          </reporter-output>
        </test-method> <!-- testValidation -->
        <test-method status="FAIL" signature="verifyCreatedProduct()[pri:3, instance:com.retailer.testcases.TestCreateOtherProducts@7921b0a2]" name="verifyCreatedProduct" duration-ms="67971" started-at="2016-05-26T13:26:17Z" finished-at="2016-05-26T13:27:25Z">
          <exception class="org.openqa.selenium.WebDriverException">
            <message>
              <![CDATA[An unknown server-side error occurred while processing the command. (WARNING: The server did not provide any stacktrace information)
Command duration or timeout: 130 milliseconds
Build info: version: '2.53.0', revision: '35ae25b', time: '2016-03-15 17:00:58'
System info: host: 'CognitiveClouds', ip: '10.0.0.41', os.name: 'Windows 8', os.arch: 'amd64', os.version: '6.2', java.version: '1.8.0_91'
Driver info: io.appium.java_client.android.AndroidDriver
Capabilities [{appPackage=com.retailer.weeklygroceries.retailer, app=D:\WorkSpace\Groceries\.\apkFiles\grossary_retailer.apk, networkConnectionEnabled=true, warnings={}, databaseEnabled=false, deviceName=fc752267, platform=LINUX, appActivity=com.retailer.weeklygroceries.retailer.activities.LoginActivity, desired={appPackage=com.retailer.weeklygroceries.retailer, appActivity=com.retailer.weeklygroceries.retailer.activities.LoginActivity, app=D:\WorkSpace\Groceries\.\apkFiles\grossary_retailer.apk, platformVersion=5.1.1, unicodeKeyboard=true, platformName=Android, deviceName=ONE E1003}, platformVersion=5.1.1, webStorageEnabled=false, locationContextEnabled=false, browserName=Android, takesScreenshot=true, javascriptEnabled=true, unicodeKeyboard=true, platformName=Android}]
Session ID: 00dd85db-a98e-4a10-904f-82d193bdc1d5]]>
            </message>
            <full-stacktrace>
              <![CDATA[org.openqa.selenium.WebDriverException: An unknown server-side error occurred while processing the command. (WARNING: The server did not provide any stacktrace information)
Command duration or timeout: 130 milliseconds
Build info: version: '2.53.0', revision: '35ae25b', time: '2016-03-15 17:00:58'
System info: host: 'CognitiveClouds', ip: '10.0.0.41', os.name: 'Windows 8', os.arch: 'amd64', os.version: '6.2', java.version: '1.8.0_91'
Driver info: io.appium.java_client.android.AndroidDriver
Capabilities [{appPackage=com.retailer.weeklygroceries.retailer, app=D:\WorkSpace\Groceries\.\apkFiles\grossary_retailer.apk, networkConnectionEnabled=true, warnings={}, databaseEnabled=false, deviceName=fc752267, platform=LINUX, appActivity=com.retailer.weeklygroceries.retailer.activities.LoginActivity, desired={appPackage=com.retailer.weeklygroceries.retailer, appActivity=com.retailer.weeklygroceries.retailer.activities.LoginActivity, app=D:\WorkSpace\Groceries\.\apkFiles\grossary_retailer.apk, platformVersion=5.1.1, unicodeKeyboard=true, platformName=Android, deviceName=ONE E1003}, platformVersion=5.1.1, webStorageEnabled=false, locationContextEnabled=false, browserName=Android, takesScreenshot=true, javascriptEnabled=true, unicodeKeyboard=true, platformName=Android}]
Session ID: 00dd85db-a98e-4a10-904f-82d193bdc1d5
	at sun.reflect.NativeConstructorAccessorImpl.newInstance0(Native Method)
	at sun.reflect.NativeConstructorAccessorImpl.newInstance(NativeConstructorAccessorImpl.java:62)
	at sun.reflect.DelegatingConstructorAccessorImpl.newInstance(DelegatingConstructorAccessorImpl.java:45)
	at java.lang.reflect.Constructor.newInstance(Constructor.java:423)
	at org.openqa.selenium.remote.ErrorHandler.createThrowable(ErrorHandler.java:206)
	at org.openqa.selenium.remote.ErrorHandler.throwIfResponseFailed(ErrorHandler.java:158)
	at org.openqa.selenium.remote.RemoteWebDriver.execute(RemoteWebDriver.java:678)
	at io.appium.java_client.DefaultGenericMobileDriver.execute(DefaultGenericMobileDriver.java:43)
	at io.appium.java_client.AppiumDriver.execute(AppiumDriver.java:1)
	at io.appium.java_client.android.AndroidDriver.execute(AndroidDriver.java:1)
	at io.appium.java_client.AppiumDriver.performTouchAction(AppiumDriver.java:316)
	at io.appium.java_client.TouchAction.perform(TouchAction.java:318)
	at io.appium.java_client.AppiumDriver.swipe(AppiumDriver.java:365)
	at com.generic.methods.HelperMethods.swipeLeft(HelperMethods.java:101)
	at com.generic.methods.HelperMethods.verifyCreatedProduct(HelperMethods.java:170)
	at com.retailer.testcases.TestCreateOtherProducts.verifyCreatedProduct(TestCreateOtherProducts.java:108)
	at sun.reflect.NativeMethodAccessorImpl.invoke0(Native Method)
	at sun.reflect.NativeMethodAccessorImpl.invoke(NativeMethodAccessorImpl.java:62)
	at sun.reflect.DelegatingMethodAccessorImpl.invoke(DelegatingMethodAccessorImpl.java:43)
	at java.lang.reflect.Method.invoke(Method.java:498)
	at org.testng.internal.MethodInvocationHelper.invokeMethod(MethodInvocationHelper.java:85)
	at org.testng.internal.Invoker.invokeMethod(Invoker.java:639)
	at org.testng.internal.Invoker.invokeTestMethod(Invoker.java:816)
	at org.testng.internal.Invoker.invokeTestMethods(Invoker.java:1124)
	at org.testng.internal.TestMethodWorker.invokeTestMethods(TestMethodWorker.java:125)
	at org.testng.internal.TestMethodWorker.run(TestMethodWorker.java:108)
	at org.testng.TestRunner.privateRun(TestRunner.java:774)
	at org.testng.TestRunner.run(TestRunner.java:624)
	at org.testng.SuiteRunner.runTest(SuiteRunner.java:359)
	at org.testng.SuiteRunner.runSequentially(SuiteRunner.java:354)
	at org.testng.SuiteRunner.privateRun(SuiteRunner.java:312)
	at org.testng.SuiteRunner.run(SuiteRunner.java:261)
	at org.testng.SuiteRunnerWorker.runSuite(SuiteRunnerWorker.java:52)
	at org.testng.SuiteRunnerWorker.run(SuiteRunnerWorker.java:86)
	at org.testng.TestNG.runSuitesSequentially(TestNG.java:1215)
	at org.testng.TestNG.runSuitesLocally(TestNG.java:1140)
	at org.testng.TestNG.run(TestNG.java:1048)
	at org.testng.remote.AbstractRemoteTestNG.run(AbstractRemoteTestNG.java:126)
	at org.testng.remote.RemoteTestNG.initAndRun(RemoteTestNG.java:137)
	at org.testng.remote.RemoteTestNG.main(RemoteTestNG.java:58)
]]>
            </full-stacktrace>
          </exception> <!-- org.openqa.selenium.WebDriverException -->
          <reporter-output>
          </reporter-output>
        </test-method> <!-- verifyCreatedProduct -->
        <test-method status="PASS" signature="closeApp()[pri:0, instance:com.retailer.testcases.TestCreateOtherProducts@7921b0a2]" name="closeApp" is-config="true" duration-ms="691" started-at="2016-05-26T13:27:25Z" finished-at="2016-05-26T13:27:25Z">
          <reporter-output>
          </reporter-output>
        </test-method> <!-- closeApp -->
      </class> <!-- com.retailer.testcases.TestCreateOtherProducts -->
    </test> <!-- Default test -->
  </suite> <!-- Default suite -->
</testng-results>
