<?xml version="1.0" encoding="UTF-8"?>
<!-- Generated by org.testng.reporters.JUnitReportReporter -->
<testsuite hostname="CognitiveClouds" name="com.retailer.testcases.TestSignUp" tests="4" failures="0" timestamp="12 May 2016 07:30:00 GMT" time="112.679" errors="1">
  <testcase name="signUp" time="38.602" classname="com.retailer.testcases.TestSignUp"/>
  <testcase name="testAppLaunch" time="24.035" classname="com.retailer.testcases.TestSignUp"/>
  <testcase name="uploadImage" time="14.024" classname="com.retailer.testcases.TestSignUp"/>
  <testcase name="StoreDetails" time="36.018" classname="com.retailer.testcases.TestSignUp">
    <error type="org.openqa.selenium.WebDriverException" message="An unknown server-side error occurred while processing the command. (Original error: Soft keyboard not present, cannot hide keyboard) (WARNING: The server did not provide any stacktrace information)
Command duration or timeout: 63 milliseconds
Build info: version: &#039;2.53.0&#039;, revision: &#039;35ae25b&#039;, time: &#039;2016-03-15 17:00:58&#039;
System info: host: &#039;CognitiveClouds&#039;, ip: &#039;10.0.0.40&#039;, os.name: &#039;Windows 8&#039;, os.arch: &#039;amd64&#039;, os.version: &#039;6.2&#039;, java.version: &#039;1.8.0_91&#039;
Driver info: io.appium.java_client.android.AndroidDriver
Capabilities [{appPackage=com.retailer.weeklygroceries.retailer, app=D:\WorkSpace\Groceries\apkFiles\grossary_retailer.apk, networkConnectionEnabled=true, warnings={}, databaseEnabled=false, deviceName=G2AXB709U921LVN, platform=LINUX, appActivity=com.retailer.weeklygroceries.retailer.activities.LoginActivity, desired={appPackage=com.retailer.weeklygroceries.retailer, appActivity=com.retailer.weeklygroceries.retailer.activities.LoginActivity, app=D:\WorkSpace\Groceries\apkFiles\grossary_retailer.apk, platformVersion=5.0.2, platformName=Android, deviceName=ASUS_Z010D}, platformVersion=5.0.2, webStorageEnabled=false, locationContextEnabled=false, browserName=Android, takesScreenshot=true, javascriptEnabled=true, platformName=Android}]
Session ID: e93c6860-2e7d-4896-8758-247771c7efd5">
      <![CDATA[org.openqa.selenium.WebDriverException: An unknown server-side error occurred while processing the command. (Original error: Soft keyboard not present, cannot hide keyboard) (WARNING: The server did not provide any stacktrace information)
Command duration or timeout: 63 milliseconds
Build info: version: '2.53.0', revision: '35ae25b', time: '2016-03-15 17:00:58'
System info: host: 'CognitiveClouds', ip: '10.0.0.40', os.name: 'Windows 8', os.arch: 'amd64', os.version: '6.2', java.version: '1.8.0_91'
Driver info: io.appium.java_client.android.AndroidDriver
Capabilities [{appPackage=com.retailer.weeklygroceries.retailer, app=D:\WorkSpace\Groceries\apkFiles\grossary_retailer.apk, networkConnectionEnabled=true, warnings={}, databaseEnabled=false, deviceName=G2AXB709U921LVN, platform=LINUX, appActivity=com.retailer.weeklygroceries.retailer.activities.LoginActivity, desired={appPackage=com.retailer.weeklygroceries.retailer, appActivity=com.retailer.weeklygroceries.retailer.activities.LoginActivity, app=D:\WorkSpace\Groceries\apkFiles\grossary_retailer.apk, platformVersion=5.0.2, platformName=Android, deviceName=ASUS_Z010D}, platformVersion=5.0.2, webStorageEnabled=false, locationContextEnabled=false, browserName=Android, takesScreenshot=true, javascriptEnabled=true, platformName=Android}]
Session ID: e93c6860-2e7d-4896-8758-247771c7efd5
	at sun.reflect.NativeConstructorAccessorImpl.newInstance0(Native Method)
	at sun.reflect.NativeConstructorAccessorImpl.newInstance(NativeConstructorAccessorImpl.java:62)
	at sun.reflect.DelegatingConstructorAccessorImpl.newInstance(DelegatingConstructorAccessorImpl.java:45)
	at java.lang.reflect.Constructor.newInstance(Constructor.java:423)
	at org.openqa.selenium.remote.ErrorHandler.createThrowable(ErrorHandler.java:206)
	at org.openqa.selenium.remote.ErrorHandler.throwIfResponseFailed(ErrorHandler.java:158)
	at org.openqa.selenium.remote.RemoteWebDriver.execute(RemoteWebDriver.java:678)
	at io.appium.java_client.DefaultGenericMobileDriver.execute(DefaultGenericMobileDriver.java:43)
	at io.appium.java_client.AppiumDriver.execute(AppiumDriver.java:216)
	at io.appium.java_client.AppiumDriver.hideKeyboard(AppiumDriver.java:286)
	at com.retailer.pages.StoreDetailsPage.enterStoreDetails(StoreDetailsPage.java:82)
	at com.retailer.testcases.TestSignUp.StoreDetails(TestSignUp.java:63)
	at sun.reflect.NativeMethodAccessorImpl.invoke0(Native Method)
	at sun.reflect.NativeMethodAccessorImpl.invoke(NativeMethodAccessorImpl.java:62)
	at sun.reflect.DelegatingMethodAccessorImpl.invoke(DelegatingMethodAccessorImpl.java:43)
	at java.lang.reflect.Method.invoke(Method.java:498)
	at org.testng.internal.MethodInvocationHelper.invokeMethod(MethodInvocationHelper.java:85)
	at org.testng.internal.Invoker.invokeMethod(Invoker.java:639)
	at org.testng.internal.Invoker.invokeTestMethod(Invoker.java:816)
	at org.testng.internal.Invoker.invokeTestMethods(Invoker.java:1124)
	at org.testng.internal.TestMethodWorker.invokeTestMethods(TestMethodWorker.java:125)
	at org.testng.internal.TestMethodWorker.run(TestMethodWorker.java:108)
	at org.testng.TestRunner.privateRun(TestRunner.java:774)
	at org.testng.TestRunner.run(TestRunner.java:624)
	at org.testng.SuiteRunner.runTest(SuiteRunner.java:359)
	at org.testng.SuiteRunner.runSequentially(SuiteRunner.java:354)
	at org.testng.SuiteRunner.privateRun(SuiteRunner.java:312)
	at org.testng.SuiteRunner.run(SuiteRunner.java:261)
	at org.testng.SuiteRunnerWorker.runSuite(SuiteRunnerWorker.java:52)
	at org.testng.SuiteRunnerWorker.run(SuiteRunnerWorker.java:86)
	at org.testng.TestNG.runSuitesSequentially(TestNG.java:1215)
	at org.testng.TestNG.runSuitesLocally(TestNG.java:1140)
	at org.testng.TestNG.run(TestNG.java:1048)
	at org.testng.remote.AbstractRemoteTestNG.run(AbstractRemoteTestNG.java:126)
	at org.testng.remote.RemoteTestNG.initAndRun(RemoteTestNG.java:137)
	at org.testng.remote.RemoteTestNG.main(RemoteTestNG.java:58)
]]>
    </error>
  </testcase> <!-- StoreDetails -->
</testsuite> <!-- com.retailer.testcases.TestSignUp -->
